<?xml version="1.0" encoding="UTF-8"?>
<!-- Generated by org.testng.reporters.JUnitReportReporter -->
<testsuite skipped="1" hostname="LAPTOP-L36TRD7L" name="commontest.Commontest1" tests="2" failures="0" timestamp="2022-06-17T18:22:26 IST" time="1.968" errors="1">
  <testcase name="loginpage" time="0.000" classname="commontest.Commontest1">
    <skipped/>
  </testcase> <!-- loginpage -->
  <system-out/>
  <testcase name="initialSetUp" time="1.968" classname="commontest.Commontest1">
    <error type="org.openqa.selenium.SessionNotCreatedException" message="session not created: This version of ChromeDriver only supports Chrome version 103
Current browser version is 102.0.5005.115 with binary path C:\Program Files\Google\Chrome\Application\chrome.exe
Build info: version: &#039;3.141.59&#039;, revision: &#039;e82be7d358&#039;, time: &#039;2018-11-14T08:17:03&#039;
System info: host: &#039;LAPTOP-L36TRD7L&#039;, ip: &#039;192.168.0.132&#039;, os.name: &#039;Windows 10&#039;, os.arch: &#039;amd64&#039;, os.version: &#039;10.0&#039;, java.version: &#039;1.8.0_171&#039;
Driver info: driver.version: ChromeDriver
remote stacktrace: Backtrace:
	Ordinal0 [0x00C056B3+2184883]
	Ordinal0 [0x00B9E5F1+1762801]
	Ordinal0 [0x00AB3DA8+802216]
	Ordinal0 [0x00AD5119+938265]
	Ordinal0 [0x00AD0D1C+920860]
	Ordinal0 [0x00ACE5D1+910801]
	Ordinal0 [0x00B01770+1120112]
	Ordinal0 [0x00B013CA+1119178]
	Ordinal0 [0x00AFC926+1100070]
	Ordinal0 [0x00AD6EA0+945824]
	Ordinal0 [0x00AD7D96+949654]
	GetHandleVerifier [0x00EA4192+2704034]
	GetHandleVerifier [0x00E9687D+2648461]
	GetHandleVerifier [0x00C9119A+529066]
	GetHandleVerifier [0x00C90006+524566]
	Ordinal0 [0x00BA4F2B+1789739]
	Ordinal0 [0x00BA9978+1808760]
	Ordinal0 [0x00BA9A65+1808997]
	Ordinal0 [0x00BB2A01+1845761]
	BaseThreadInitThunk [0x75346739+25]
	RtlGetFullPathName_UEx [0x76F68FEF+1215]
	RtlGetFullPathName_UEx [0x76F68FBD+1165]
">
      <![CDATA[org.openqa.selenium.SessionNotCreatedException: session not created: This version of ChromeDriver only supports Chrome version 103
Current browser version is 102.0.5005.115 with binary path C:\Program Files\Google\Chrome\Application\chrome.exe
Build info: version: '3.141.59', revision: 'e82be7d358', time: '2018-11-14T08:17:03'
System info: host: 'LAPTOP-L36TRD7L', ip: '192.168.0.132', os.name: 'Windows 10', os.arch: 'amd64', os.version: '10.0', java.version: '1.8.0_171'
Driver info: driver.version: ChromeDriver
remote stacktrace: Backtrace:
Ordinal0 [0x00C056B3+2184883]
Ordinal0 [0x00B9E5F1+1762801]
Ordinal0 [0x00AB3DA8+802216]
Ordinal0 [0x00AD5119+938265]
Ordinal0 [0x00AD0D1C+920860]
Ordinal0 [0x00ACE5D1+910801]
Ordinal0 [0x00B01770+1120112]
Ordinal0 [0x00B013CA+1119178]
Ordinal0 [0x00AFC926+1100070]
Ordinal0 [0x00AD6EA0+945824]
Ordinal0 [0x00AD7D96+949654]
GetHandleVerifier [0x00EA4192+2704034]
GetHandleVerifier [0x00E9687D+2648461]
GetHandleVerifier [0x00C9119A+529066]
GetHandleVerifier [0x00C90006+524566]
Ordinal0 [0x00BA4F2B+1789739]
Ordinal0 [0x00BA9978+1808760]
Ordinal0 [0x00BA9A65+1808997]
Ordinal0 [0x00BB2A01+1845761]
BaseThreadInitThunk [0x75346739+25]
RtlGetFullPathName_UEx [0x76F68FEF+1215]
RtlGetFullPathName_UEx [0x76F68FBD+1165]

at sun.reflect.NativeConstructorAccessorImpl.newInstance0(Native Method)
at sun.reflect.NativeConstructorAccessorImpl.newInstance(NativeConstructorAccessorImpl.java:62)
at sun.reflect.DelegatingConstructorAccessorImpl.newInstance(DelegatingConstructorAccessorImpl.java:45)
at java.lang.reflect.Constructor.newInstance(Constructor.java:423)
at org.openqa.selenium.remote.W3CHandshakeResponse.lambda$errorHandler$0(W3CHandshakeResponse.java:62)
at org.openqa.selenium.remote.HandshakeResponse.lambda$getResponseFunction$0(HandshakeResponse.java:30)
at org.openqa.selenium.remote.ProtocolHandshake.lambda$createSession$0(ProtocolHandshake.java:126)
at java.util.stream.ReferencePipeline$3$1.accept(ReferencePipeline.java:193)
at java.util.Spliterators$ArraySpliterator.tryAdvance(Spliterators.java:958)
at java.util.stream.ReferencePipeline.forEachWithCancel(ReferencePipeline.java:126)
at java.util.stream.AbstractPipeline.copyIntoWithCancel(AbstractPipeline.java:498)
at java.util.stream.AbstractPipeline.copyInto(AbstractPipeline.java:485)
at java.util.stream.AbstractPipeline.wrapAndCopyInto(AbstractPipeline.java:471)
at java.util.stream.FindOps$FindOp.evaluateSequential(FindOps.java:152)
at java.util.stream.AbstractPipeline.evaluate(AbstractPipeline.java:234)
at java.util.stream.ReferencePipeline.findFirst(ReferencePipeline.java:464)
at org.openqa.selenium.remote.ProtocolHandshake.createSession(ProtocolHandshake.java:128)
at org.openqa.selenium.remote.ProtocolHandshake.createSession(ProtocolHandshake.java:74)
at org.openqa.selenium.remote.HttpCommandExecutor.execute(HttpCommandExecutor.java:136)
at org.openqa.selenium.remote.service.DriverCommandExecutor.execute(DriverCommandExecutor.java:83)
at org.openqa.selenium.remote.RemoteWebDriver.execute(RemoteWebDriver.java:552)
at org.openqa.selenium.remote.RemoteWebDriver.startSession(RemoteWebDriver.java:213)
at org.openqa.selenium.remote.RemoteWebDriver.<init>(RemoteWebDriver.java:131)
at org.openqa.selenium.chrome.ChromeDriver.<init>(ChromeDriver.java:181)
at org.openqa.selenium.chrome.ChromeDriver.<init>(ChromeDriver.java:168)
at org.openqa.selenium.chrome.ChromeDriver.<init>(ChromeDriver.java:123)
at utilities.Baseclass1.initialSetUp(Baseclass1.java:29)
at sun.reflect.NativeMethodAccessorImpl.invoke0(Native Method)
at sun.reflect.NativeMethodAccessorImpl.invoke(NativeMethodAccessorImpl.java:62)
at sun.reflect.DelegatingMethodAccessorImpl.invoke(DelegatingMethodAccessorImpl.java:43)
at java.lang.reflect.Method.invoke(Method.java:498)
at org.testng.internal.MethodInvocationHelper.invokeMethod(MethodInvocationHelper.java:134)
at org.testng.internal.MethodInvocationHelper.invokeMethodConsideringTimeout(MethodInvocationHelper.java:63)
at org.testng.internal.ConfigInvoker.invokeConfigurationMethod(ConfigInvoker.java:348)
at org.testng.internal.ConfigInvoker.invokeConfigurations(ConfigInvoker.java:302)
at org.testng.internal.TestMethodWorker.invokeBeforeClassMethods(TestMethodWorker.java:176)
at org.testng.internal.TestMethodWorker.run(TestMethodWorker.java:122)
at java.util.ArrayList.forEach(ArrayList.java:1257)
at org.testng.TestRunner.privateRun(TestRunner.java:766)
at org.testng.TestRunner.run(TestRunner.java:587)
at org.testng.SuiteRunner.runTest(SuiteRunner.java:384)
at org.testng.SuiteRunner.runSequentially(SuiteRunner.java:378)
at org.testng.SuiteRunner.privateRun(SuiteRunner.java:337)
at org.testng.SuiteRunner.run(SuiteRunner.java:286)
at org.testng.SuiteRunnerWorker.runSuite(SuiteRunnerWorker.java:53)
at org.testng.SuiteRunnerWorker.run(SuiteRunnerWorker.java:96)
at org.testng.TestNG.runSuitesSequentially(TestNG.java:1187)
at org.testng.TestNG.runSuitesLocally(TestNG.java:1109)
at org.testng.TestNG.runSuites(TestNG.java:1039)
at org.testng.TestNG.run(TestNG.java:1007)
at org.testng.remote.AbstractRemoteTestNG.run(AbstractRemoteTestNG.java:115)
at org.testng.remote.RemoteTestNG.initAndRun(RemoteTestNG.java:251)
at org.testng.remote.RemoteTestNG.main(RemoteTestNG.java:77)
]]>
    </error>
  </testcase> <!-- initialSetUp -->
  <system-out/>
</testsuite> <!-- commontest.Commontest1 -->
